<!DOCTYPE html PUBLIC "-//W3C//DTD XHTML 1.1//EN" "http://www.w3.org/TR/xhtml11/DTD/xhtml11.dtd">
<html xmlns="http://www.w3.org/1999/xhtml">
<head>
<meta http-equiv="content-type" content="text/html; charset=UTF-8"/>
<title>TestNG Report</title>
<style type="text/css">table {margin-bottom:10px;border-collapse:collapse;empty-cells:show}th,td {border:1px solid #009;padding:.25em .5em}th {vertical-align:bottom}td {vertical-align:top}table a {font-weight:bold}.stripe td {background-color: #E6EBF9}.num {text-align:right}.passedodd td {background-color: #3F3}.passedeven td {background-color: #0A0}.skippedodd td {background-color: #DDD}.skippedeven td {background-color: #CCC}.failedodd td,.attn {background-color: #F33}.failedeven td,.stripe .attn {background-color: #D00}.stacktrace {white-space:pre;font-family:monospace}.totop {font-size:85%;text-align:center;border-bottom:2px solid #000}.invisible {display:none}</style>
</head>
<body>
<table>
<tr><th>Test</th><th># Passed</th><th># Skipped</th><th># Retried</th><th># Failed</th><th>Time (ms)</th><th>Included Groups</th><th>Excluded Groups</th></tr>
<tr><th colspan="8">Suite</th></tr>
<tr><td><a href="#t0">Test</a></td><td class="num">0</td><td class="num attn">5</td><td class="num">0</td><td class="num attn">7</td><td class="num">913</td><td></td><td></td></tr>
</table>
<table id='summary'><thead><tr><th>Class</th><th>Method</th><th>Start</th><th>Time (ms)</th></tr></thead><tbody><tr><th colspan="4">Suite</th></tr></tbody><tbody id="t0"><tr><th colspan="4">Test &#8212; failed (configuration methods)</th></tr><tr class="failedeven"><td rowspan="1">AdminTest.Test.AllJobsTest</td><td><a href="#m0">beforeMethod</a></td><td rowspan="1">1686827953213</td><td rowspan="1">-1686827953213</td></tr><tr class="failedodd"><td rowspan="1">AdminTest.Test.LoginTestCase</td><td><a href="#m1">beforeMethod</a></td><td rowspan="1">1686827953362</td><td rowspan="1">-1686827953362</td></tr><tr class="failedeven"><td rowspan="1">AdminTest.Test.PostJobTestCase</td><td><a href="#m2">beforeMethod</a></td><td rowspan="1">1686827953313</td><td rowspan="1">-1686827953313</td></tr><tr class="failedodd"><td rowspan="1">EmployerTest.LoginPageTestcase</td><td><a href="#m3">beforeMethod</a></td><td rowspan="1">1686827953340</td><td rowspan="1">-1686827953340</td></tr><tr class="failedeven"><td rowspan="1">EmployerTest.SignupPageTestcase</td><td><a href="#m4">beforeMethod</a></td><td rowspan="1">1686827953415</td><td rowspan="1">-1686827953415</td></tr><tr><th colspan="4">Test &#8212; failed</th></tr><tr class="failedeven"><td rowspan="1">AdminTest.Test.AdminProfileTest</td><td><a href="#m5">sapleadminmethod</a></td><td rowspan="1">1686827953249</td><td rowspan="1">8</td></tr><tr class="failedodd"><td rowspan="1">AdminTest.Test.AllSettingTest</td><td><a href="#m6">samplesettingmethod</a></td><td rowspan="1">1686827953268</td><td rowspan="1">8</td></tr><tr class="failedeven"><td rowspan="1">AdminTest.Test.EmployerDetailsTestcase</td><td><a href="#m7">enteringEmployerDetails</a></td><td rowspan="1">1686827953147</td><td rowspan="1">25</td></tr><tr class="failedodd"><td rowspan="1">EmployerTest.EmployerDetailsTestcase</td><td><a href="#m8">enteringEmployerDetails</a></td><td rowspan="1">1686827953299</td><td rowspan="1">2</td></tr><tr class="failedeven"><td rowspan="1">EmployerTest.PackageSubscriptionTestcase</td><td><a href="#m9">subscriptionDetails</a></td><td rowspan="1">1686827953281</td><td rowspan="1">3</td></tr><tr class="failedodd"><td rowspan="1">EmployerTest.PostJobTestcase</td><td><a href="#m10">postjobCredentials</a></td><td rowspan="1">1686827953291</td><td rowspan="1">2</td></tr><tr class="failedeven"><td rowspan="1">EmployerTest.ProfileTestcase</td><td><a href="#m11">profileDetalis</a></td><td rowspan="1">1686827953333</td><td rowspan="1">2</td></tr><tr><th colspan="4">Test &#8212; skipped (configuration methods)</th></tr><tr class="skippedeven"><td rowspan="1">AdminTest.Test.AllJobsTest</td><td><a href="#m12">afterMethod</a></td><td rowspan="1">1686827953241</td><td rowspan="1">-1686827953241</td></tr><tr class="skippedodd"><td rowspan="1">AdminTest.Test.LoginTestCase</td><td><a href="#m13">afterMethod</a></td><td rowspan="1">1686827953412</td><td rowspan="1">-1686827953412</td></tr><tr class="skippedeven"><td rowspan="1">AdminTest.Test.PostJobTestCase</td><td><a href="#m14">afterMethod</a></td><td rowspan="1">1686827953330</td><td rowspan="1">-1686827953330</td></tr><tr class="skippedodd"><td rowspan="1">EmployerTest.LoginPageTestcase</td><td><a href="#m15">afterMethod</a></td><td rowspan="1">1686827953358</td><td rowspan="1">-1686827953358</td></tr><tr class="skippedeven"><td rowspan="1">EmployerTest.SignupPageTestcase</td><td><a href="#m16">afterMethod</a></td><td rowspan="1">1686827953464</td><td rowspan="1">-1686827953464</td></tr><tr><th colspan="4">Test &#8212; skipped</th></tr><tr class="skippedeven"><td rowspan="1">AdminTest.Test.AllJobsTest</td><td><a href="#m17">samleMethodForAllJob</a></td><td rowspan="1">1686827953226</td><td rowspan="1">0</td></tr><tr class="skippedodd"><td rowspan="1">AdminTest.Test.LoginTestCase</td><td><a href="#m18">sampleMethodForEnteringCredentials</a></td><td rowspan="1">1686827953399</td><td rowspan="1">0</td></tr><tr class="skippedeven"><td rowspan="1">AdminTest.Test.PostJobTestCase</td><td><a href="#m19">sampledataenter</a></td><td rowspan="1">1686827953323</td><td rowspan="1">0</td></tr><tr class="skippedodd"><td rowspan="1">EmployerTest.LoginPageTestcase</td><td><a href="#m20">sampleMethodForEnteringCredentials</a></td><td rowspan="1">1686827953345</td><td rowspan="1">0</td></tr><tr class="skippedeven"><td rowspan="1">EmployerTest.SignupPageTestcase</td><td><a href="#m21">enteringCredentialsForSifnUp</a></td><td rowspan="1">1686827953422</td><td rowspan="1">0</td></tr></tbody>
</table>
<h2>Test</h2><h3 id="m0">AdminTest.Test.AllJobsTest#beforeMethod</h3><table class="result"><tr><th>Exception</th></tr><tr><td><div class="stacktrace">org.testng.TestNGException: 
Parameter &apos;browser&apos; is required by BeforeMethod on method beforeMethod but has not been marked @Optional or defined
in D:\Project\Job Portal Automation\jobportal-selenium\WebApp\testng.xml
	at java.base/java.util.ArrayList.forEach(ArrayList.java:1511)
... Removed 28 stack frames</div></td></tr></table><p class="totop"><a href="#summary">back to summary</a></p>
<h3 id="m1">AdminTest.Test.LoginTestCase#beforeMethod</h3><table class="result"><tr><th>Exception</th></tr><tr><td><div class="stacktrace">org.testng.TestNGException: 
Parameter &apos;browser&apos; is required by BeforeMethod on method beforeMethod but has not been marked @Optional or defined
in D:\Project\Job Portal Automation\jobportal-selenium\WebApp\testng.xml
	at java.base/java.util.ArrayList.forEach(ArrayList.java:1511)
... Removed 28 stack frames</div></td></tr></table><p class="totop"><a href="#summary">back to summary</a></p>
<h3 id="m2">AdminTest.Test.PostJobTestCase#beforeMethod</h3><table class="result"><tr><th>Exception</th></tr><tr><td><div class="stacktrace">org.testng.TestNGException: 
Parameter &apos;browser&apos; is required by BeforeMethod on method beforeMethod but has not been marked @Optional or defined
in D:\Project\Job Portal Automation\jobportal-selenium\WebApp\testng.xml
	at java.base/java.util.ArrayList.forEach(ArrayList.java:1511)
... Removed 28 stack frames</div></td></tr></table><p class="totop"><a href="#summary">back to summary</a></p>
<h3 id="m3">EmployerTest.LoginPageTestcase#beforeMethod</h3><table class="result"><tr><th>Exception</th></tr><tr><td><div class="stacktrace">org.testng.TestNGException: 
Parameter &apos;browser&apos; is required by BeforeMethod on method beforeMethod but has not been marked @Optional or defined
in D:\Project\Job Portal Automation\jobportal-selenium\WebApp\testng.xml
	at java.base/java.util.ArrayList.forEach(ArrayList.java:1511)
... Removed 28 stack frames</div></td></tr></table><p class="totop"><a href="#summary">back to summary</a></p>
<h3 id="m4">EmployerTest.SignupPageTestcase#beforeMethod</h3><table class="result"><tr><th>Exception</th></tr><tr><td><div class="stacktrace">org.testng.TestNGException: 
Parameter &apos;browser&apos; is required by BeforeMethod on method beforeMethod but has not been marked @Optional or defined
in D:\Project\Job Portal Automation\jobportal-selenium\WebApp\testng.xml
	at java.base/java.util.ArrayList.forEach(ArrayList.java:1511)
... Removed 28 stack frames</div></td></tr></table><p class="totop"><a href="#summary">back to summary</a></p>
<h3 id="m5">AdminTest.Test.AdminProfileTest#sapleadminmethod</h3><table class="result"><tr><th>Exception</th></tr><tr><td><div class="stacktrace">java.lang.NullPointerException: Cannot invoke &quot;org.openqa.selenium.WebDriver.findElement(org.openqa.selenium.By)&quot; because &quot;Admin.base.BaseTest.driver&quot; is null
	at Admin.utils.ElementFetch.getWebElement(ElementFetch.java:15)
	at Admin.pageEvents.AdminProfileEvent.admin(AdminProfileEvent.java:12)
	at AdminTest.Test.AdminProfileTest.sapleadminmethod(AdminProfileTest.java:14)
	at java.base/java.util.ArrayList.forEach(ArrayList.java:1511)
... Removed 27 stack frames</div></td></tr></table><p class="totop"><a href="#summary">back to summary</a></p>
<h3 id="m6">AdminTest.Test.AllSettingTest#samplesettingmethod</h3><table class="result"><tr><th>Exception</th></tr><tr><td><div class="stacktrace">java.lang.NullPointerException: Cannot invoke &quot;org.openqa.selenium.WebDriver.findElement(org.openqa.selenium.By)&quot; because &quot;Admin.base.BaseTest.driver&quot; is null
	at Admin.utils.ElementFetch.getWebElement(ElementFetch.java:15)
	at Admin.pageEvents.AllSettingEvent.Allsetting(AllSettingEvent.java:11)
	at AdminTest.Test.AllSettingTest.samplesettingmethod(AllSettingTest.java:16)
	at java.base/java.util.ArrayList.forEach(ArrayList.java:1511)
... Removed 27 stack frames</div></td></tr></table><p class="totop"><a href="#summary">back to summary</a></p>
<h3 id="m7">AdminTest.Test.EmployerDetailsTestcase#enteringEmployerDetails</h3><table class="result"><tr><th>Exception</th></tr><tr><td><div class="stacktrace">java.lang.NullPointerException: Cannot invoke &quot;org.openqa.selenium.WebDriver.findElement(org.openqa.selenium.By)&quot; because &quot;Admin.base.BaseTest.driver&quot; is null
	at Admin.utils.ElementFetch.getWebElement(ElementFetch.java:21)
	at Admin.pageEvents.EmployerDetailsEvents.details(EmployerDetailsEvents.java:21)
	at AdminTest.Test.EmployerDetailsTestcase.enteringEmployerDetails(EmployerDetailsTestcase.java:15)
	at java.base/java.util.ArrayList.forEach(ArrayList.java:1511)
... Removed 27 stack frames</div></td></tr></table><p class="totop"><a href="#summary">back to summary</a></p>
<h3 id="m8">EmployerTest.EmployerDetailsTestcase#enteringEmployerDetails</h3><table class="result"><tr><th>Exception</th></tr><tr><td><div class="stacktrace">java.lang.NullPointerException: Cannot invoke &quot;org.openqa.selenium.WebDriver.findElement(org.openqa.selenium.By)&quot; because &quot;Employer.base.BaseTest.driver&quot; is null
	at Employer.utils.ElementFetch.getWebElement(ElementFetch.java:15)
	at Employer.pageEvents.EmployerDetailsEvents.details(EmployerDetailsEvents.java:17)
	at EmployerTest.EmployerDetailsTestcase.enteringEmployerDetails(EmployerDetailsTestcase.java:15)
	at java.base/java.util.ArrayList.forEach(ArrayList.java:1511)
... Removed 27 stack frames</div></td></tr></table><p class="totop"><a href="#summary">back to summary</a></p>
<h3 id="m9">EmployerTest.PackageSubscriptionTestcase#subscriptionDetails</h3><table class="result"><tr><th>Exception</th></tr><tr><td><div class="stacktrace">java.lang.NullPointerException: Cannot invoke &quot;org.openqa.selenium.WebDriver.findElement(org.openqa.selenium.By)&quot; because &quot;Employer.base.BaseTest.driver&quot; is null
	at Employer.utils.ElementFetch.getWebElement(ElementFetch.java:15)
	at Employer.pageEvents.PackageSubscriptionEvents.subscription(PackageSubscriptionEvents.java:12)
	at EmployerTest.PackageSubscriptionTestcase.subscriptionDetails(PackageSubscriptionTestcase.java:14)
	at java.base/java.util.ArrayList.forEach(ArrayList.java:1511)
... Removed 27 stack frames</div></td></tr></table><p class="totop"><a href="#summary">back to summary</a></p>
<h3 id="m10">EmployerTest.PostJobTestcase#postjobCredentials</h3><table class="result"><tr><th>Exception</th></tr><tr><td><div class="stacktrace">java.lang.NullPointerException: Cannot invoke &quot;org.openqa.selenium.WebDriver.findElement(org.openqa.selenium.By)&quot; because &quot;Employer.base.BaseTest.driver&quot; is null
	at Employer.utils.ElementFetch.getWebElement(ElementFetch.java:15)
	at Employer.pageEvents.PostJobEvents.jobPost(PostJobEvents.java:11)
	at EmployerTest.PostJobTestcase.postjobCredentials(PostJobTestcase.java:15)
	at java.base/java.util.ArrayList.forEach(ArrayList.java:1511)
... Removed 27 stack frames</div></td></tr></table><p class="totop"><a href="#summary">back to summary</a></p>
<h3 id="m11">EmployerTest.ProfileTestcase#profileDetalis</h3><table class="result"><tr><th>Exception</th></tr><tr><td><div class="stacktrace">java.lang.NullPointerException: Cannot invoke &quot;org.openqa.selenium.WebDriver.findElement(org.openqa.selenium.By)&quot; because &quot;Employer.base.BaseTest.driver&quot; is null
	at Employer.utils.ElementFetch.getWebElement(ElementFetch.java:15)
	at Employer.pageEvents.ProfileEvents.profileCredentials(ProfileEvents.java:12)
	at EmployerTest.ProfileTestcase.profileDetalis(ProfileTestcase.java:15)
	at java.base/java.util.ArrayList.forEach(ArrayList.java:1511)
... Removed 27 stack frames</div></td></tr></table><p class="totop"><a href="#summary">back to summary</a></p>
<h3 id="m12">AdminTest.Test.AllJobsTest#afterMethod</h3><table class="result"><tr><th class="invisible"/></tr></table><p class="totop"><a href="#summary">back to summary</a></p>
<h3 id="m13">AdminTest.Test.LoginTestCase#afterMethod</h3><table class="result"><tr><th class="invisible"/></tr></table><p class="totop"><a href="#summary">back to summary</a></p>
<h3 id="m14">AdminTest.Test.PostJobTestCase#afterMethod</h3><table class="result"><tr><th class="invisible"/></tr></table><p class="totop"><a href="#summary">back to summary</a></p>
<h3 id="m15">EmployerTest.LoginPageTestcase#afterMethod</h3><table class="result"><tr><th class="invisible"/></tr></table><p class="totop"><a href="#summary">back to summary</a></p>
<h3 id="m16">EmployerTest.SignupPageTestcase#afterMethod</h3><table class="result"><tr><th class="invisible"/></tr></table><p class="totop"><a href="#summary">back to summary</a></p>
<h3 id="m17">AdminTest.Test.AllJobsTest#samleMethodForAllJob</h3><table class="result"><tr><th>Exception</th></tr><tr><td><div class="stacktrace">org.testng.TestNGException: 
Parameter &apos;browser&apos; is required by BeforeMethod on method beforeMethod but has not been marked @Optional or defined
in D:\Project\Job Portal Automation\jobportal-selenium\WebApp\testng.xml
	at java.base/java.util.ArrayList.forEach(ArrayList.java:1511)
... Removed 28 stack frames</div></td></tr></table><p class="totop"><a href="#summary">back to summary</a></p>
<h3 id="m18">AdminTest.Test.LoginTestCase#sampleMethodForEnteringCredentials</h3><table class="result"><tr><th>Exception</th></tr><tr><td><div class="stacktrace">org.testng.TestNGException: 
Parameter &apos;browser&apos; is required by BeforeMethod on method beforeMethod but has not been marked @Optional or defined
in D:\Project\Job Portal Automation\jobportal-selenium\WebApp\testng.xml
	at java.base/java.util.ArrayList.forEach(ArrayList.java:1511)
... Removed 28 stack frames</div></td></tr></table><p class="totop"><a href="#summary">back to summary</a></p>
<h3 id="m19">AdminTest.Test.PostJobTestCase#sampledataenter</h3><table class="result"><tr><th>Exception</th></tr><tr><td><div class="stacktrace">org.testng.TestNGException: 
Parameter &apos;browser&apos; is required by BeforeMethod on method beforeMethod but has not been marked @Optional or defined
in D:\Project\Job Portal Automation\jobportal-selenium\WebApp\testng.xml
	at java.base/java.util.ArrayList.forEach(ArrayList.java:1511)
... Removed 28 stack frames</div></td></tr></table><p class="totop"><a href="#summary">back to summary</a></p>
<h3 id="m20">EmployerTest.LoginPageTestcase#sampleMethodForEnteringCredentials</h3><table class="result"><tr><th>Exception</th></tr><tr><td><div class="stacktrace">org.testng.TestNGException: 
Parameter &apos;browser&apos; is required by BeforeMethod on method beforeMethod but has not been marked @Optional or defined
in D:\Project\Job Portal Automation\jobportal-selenium\WebApp\testng.xml
	at java.base/java.util.ArrayList.forEach(ArrayList.java:1511)
... Removed 28 stack frames</div></td></tr></table><p class="totop"><a href="#summary">back to summary</a></p>
<h3 id="m21">EmployerTest.SignupPageTestcase#enteringCredentialsForSifnUp</h3><table class="result"><tr><th>Exception</th></tr><tr><td><div class="stacktrace">org.testng.TestNGException: 
Parameter &apos;browser&apos; is required by BeforeMethod on method beforeMethod but has not been marked @Optional or defined
in D:\Project\Job Portal Automation\jobportal-selenium\WebApp\testng.xml
	at java.base/java.util.ArrayList.forEach(ArrayList.java:1511)
... Removed 28 stack frames</div></td></tr></table><p class="totop"><a href="#summary">back to summary</a></p>
</body>
</html>
