<?xml version="1.0" encoding="UTF-8"?>
<!-- Generated by org.testng.reporters.JUnitXMLReporter -->
<testsuite ignored="6" hostname="DESKTOP-DGVE5D5" failures="7" tests="12" name="Test" time="0.913" errors="0" timestamp="2023-06-15T16:49:13 IST">
  <testcase classname="Admin.base.BaseTest" name="@BeforeMethod beforeMethod" time="-1.686827953213E9">
    <failure type="org.testng.TestNGException" message="
Parameter &amp;apos;browser&amp;apos; is required by BeforeMethod on method beforeMethod but has not been marked @Optional or defined
in D:\Project\Job Portal Automation\jobportal-selenium\WebApp\testng.xml">
      <![CDATA[org.testng.TestNGException: 
Parameter 'browser' is required by BeforeMethod on method beforeMethod but has not been marked @Optional or defined
in D:\Project\Job Portal Automation\jobportal-selenium\WebApp\testng.xml
at java.base/java.util.ArrayList.forEach(ArrayList.java:1511)
... Removed 28 stack frames]]>
    </failure>
  </testcase> <!-- @BeforeMethod beforeMethod -->
  <testcase classname="Admin.base.BaseTest" name="@AfterMethod afterMethod" time="-1.686827953241E9">
    <skipped/>
  </testcase> <!-- @AfterMethod afterMethod -->
  <testcase classname="Admin.base.BaseTest" name="@BeforeMethod beforeMethod" time="-1.686827953313E9">
    <failure type="org.testng.TestNGException" message="
Parameter &amp;apos;browser&amp;apos; is required by BeforeMethod on method beforeMethod but has not been marked @Optional or defined
in D:\Project\Job Portal Automation\jobportal-selenium\WebApp\testng.xml">
      <![CDATA[org.testng.TestNGException: 
Parameter 'browser' is required by BeforeMethod on method beforeMethod but has not been marked @Optional or defined
in D:\Project\Job Portal Automation\jobportal-selenium\WebApp\testng.xml
at java.base/java.util.ArrayList.forEach(ArrayList.java:1511)
... Removed 28 stack frames]]>
    </failure>
  </testcase> <!-- @BeforeMethod beforeMethod -->
  <testcase classname="Admin.base.BaseTest" name="@AfterMethod afterMethod" time="-1.68682795333E9">
    <skipped/>
  </testcase> <!-- @AfterMethod afterMethod -->
  <testcase classname="Employer.base.BaseTest" name="@BeforeMethod beforeMethod" time="-1.68682795334E9">
    <failure type="org.testng.TestNGException" message="
Parameter &amp;apos;browser&amp;apos; is required by BeforeMethod on method beforeMethod but has not been marked @Optional or defined
in D:\Project\Job Portal Automation\jobportal-selenium\WebApp\testng.xml">
      <![CDATA[org.testng.TestNGException: 
Parameter 'browser' is required by BeforeMethod on method beforeMethod but has not been marked @Optional or defined
in D:\Project\Job Portal Automation\jobportal-selenium\WebApp\testng.xml
at java.base/java.util.ArrayList.forEach(ArrayList.java:1511)
... Removed 28 stack frames]]>
    </failure>
  </testcase> <!-- @BeforeMethod beforeMethod -->
  <testcase classname="Employer.base.BaseTest" name="@AfterMethod afterMethod" time="-1.686827953358E9">
    <skipped/>
  </testcase> <!-- @AfterMethod afterMethod -->
  <testcase classname="Admin.base.BaseTest" name="@BeforeMethod beforeMethod" time="-1.686827953362E9">
    <failure type="org.testng.TestNGException" message="
Parameter &amp;apos;browser&amp;apos; is required by BeforeMethod on method beforeMethod but has not been marked @Optional or defined
in D:\Project\Job Portal Automation\jobportal-selenium\WebApp\testng.xml">
      <![CDATA[org.testng.TestNGException: 
Parameter 'browser' is required by BeforeMethod on method beforeMethod but has not been marked @Optional or defined
in D:\Project\Job Portal Automation\jobportal-selenium\WebApp\testng.xml
at java.base/java.util.ArrayList.forEach(ArrayList.java:1511)
... Removed 28 stack frames]]>
    </failure>
  </testcase> <!-- @BeforeMethod beforeMethod -->
  <testcase classname="Admin.base.BaseTest" name="@AfterMethod afterMethod" time="-1.686827953412E9">
    <skipped/>
  </testcase> <!-- @AfterMethod afterMethod -->
  <testcase classname="Employer.base.BaseTest" name="@BeforeMethod beforeMethod" time="-1.686827953415E9">
    <failure type="org.testng.TestNGException" message="
Parameter &amp;apos;browser&amp;apos; is required by BeforeMethod on method beforeMethod but has not been marked @Optional or defined
in D:\Project\Job Portal Automation\jobportal-selenium\WebApp\testng.xml">
      <![CDATA[org.testng.TestNGException: 
Parameter 'browser' is required by BeforeMethod on method beforeMethod but has not been marked @Optional or defined
in D:\Project\Job Portal Automation\jobportal-selenium\WebApp\testng.xml
at java.base/java.util.ArrayList.forEach(ArrayList.java:1511)
... Removed 28 stack frames]]>
    </failure>
  </testcase> <!-- @BeforeMethod beforeMethod -->
  <testcase classname="Employer.base.BaseTest" name="@AfterMethod afterMethod" time="-1.686827953464E9">
    <skipped/>
  </testcase> <!-- @AfterMethod afterMethod -->
  <testcase classname="AdminTest.Test.EmployerDetailsTestcase" name="enteringEmployerDetails" time="0.025">
    <failure type="java.lang.NullPointerException" message="Cannot invoke &amp;quot;org.openqa.selenium.WebDriver.findElement(org.openqa.selenium.By)&amp;quot; because &amp;quot;Admin.base.BaseTest.driver&amp;quot; is null">
      <![CDATA[java.lang.NullPointerException: Cannot invoke "org.openqa.selenium.WebDriver.findElement(org.openqa.selenium.By)" because "Admin.base.BaseTest.driver" is null
at Admin.utils.ElementFetch.getWebElement(ElementFetch.java:21)
at Admin.pageEvents.EmployerDetailsEvents.details(EmployerDetailsEvents.java:21)
at AdminTest.Test.EmployerDetailsTestcase.enteringEmployerDetails(EmployerDetailsTestcase.java:15)
at java.base/java.util.ArrayList.forEach(ArrayList.java:1511)
... Removed 27 stack frames]]>
    </failure>
  </testcase> <!-- enteringEmployerDetails -->
  <testcase classname="AdminTest.Test.AllJobsTest" name="samleMethodForAllJob" time="0.0">
    <skipped/>
  </testcase> <!-- samleMethodForAllJob -->
  <testcase classname="AdminTest.Test.AdminProfileTest" name="sapleadminmethod" time="0.008">
    <failure type="java.lang.NullPointerException" message="Cannot invoke &amp;quot;org.openqa.selenium.WebDriver.findElement(org.openqa.selenium.By)&amp;quot; because &amp;quot;Admin.base.BaseTest.driver&amp;quot; is null">
      <![CDATA[java.lang.NullPointerException: Cannot invoke "org.openqa.selenium.WebDriver.findElement(org.openqa.selenium.By)" because "Admin.base.BaseTest.driver" is null
at Admin.utils.ElementFetch.getWebElement(ElementFetch.java:15)
at Admin.pageEvents.AdminProfileEvent.admin(AdminProfileEvent.java:12)
at AdminTest.Test.AdminProfileTest.sapleadminmethod(AdminProfileTest.java:14)
at java.base/java.util.ArrayList.forEach(ArrayList.java:1511)
... Removed 27 stack frames]]>
    </failure>
  </testcase> <!-- sapleadminmethod -->
  <testcase classname="AdminTest.Test.AllSettingTest" name="samplesettingmethod" time="0.008">
    <failure type="java.lang.NullPointerException" message="Cannot invoke &amp;quot;org.openqa.selenium.WebDriver.findElement(org.openqa.selenium.By)&amp;quot; because &amp;quot;Admin.base.BaseTest.driver&amp;quot; is null">
      <![CDATA[java.lang.NullPointerException: Cannot invoke "org.openqa.selenium.WebDriver.findElement(org.openqa.selenium.By)" because "Admin.base.BaseTest.driver" is null
at Admin.utils.ElementFetch.getWebElement(ElementFetch.java:15)
at Admin.pageEvents.AllSettingEvent.Allsetting(AllSettingEvent.java:11)
at AdminTest.Test.AllSettingTest.samplesettingmethod(AllSettingTest.java:16)
at java.base/java.util.ArrayList.forEach(ArrayList.java:1511)
... Removed 27 stack frames]]>
    </failure>
  </testcase> <!-- samplesettingmethod -->
  <testcase classname="EmployerTest.PackageSubscriptionTestcase" name="subscriptionDetails" time="0.003">
    <failure type="java.lang.NullPointerException" message="Cannot invoke &amp;quot;org.openqa.selenium.WebDriver.findElement(org.openqa.selenium.By)&amp;quot; because &amp;quot;Employer.base.BaseTest.driver&amp;quot; is null">
      <![CDATA[java.lang.NullPointerException: Cannot invoke "org.openqa.selenium.WebDriver.findElement(org.openqa.selenium.By)" because "Employer.base.BaseTest.driver" is null
at Employer.utils.ElementFetch.getWebElement(ElementFetch.java:15)
at Employer.pageEvents.PackageSubscriptionEvents.subscription(PackageSubscriptionEvents.java:12)
at EmployerTest.PackageSubscriptionTestcase.subscriptionDetails(PackageSubscriptionTestcase.java:14)
at java.base/java.util.ArrayList.forEach(ArrayList.java:1511)
... Removed 27 stack frames]]>
    </failure>
  </testcase> <!-- subscriptionDetails -->
  <testcase classname="EmployerTest.PostJobTestcase" name="postjobCredentials" time="0.002">
    <failure type="java.lang.NullPointerException" message="Cannot invoke &amp;quot;org.openqa.selenium.WebDriver.findElement(org.openqa.selenium.By)&amp;quot; because &amp;quot;Employer.base.BaseTest.driver&amp;quot; is null">
      <![CDATA[java.lang.NullPointerException: Cannot invoke "org.openqa.selenium.WebDriver.findElement(org.openqa.selenium.By)" because "Employer.base.BaseTest.driver" is null
at Employer.utils.ElementFetch.getWebElement(ElementFetch.java:15)
at Employer.pageEvents.PostJobEvents.jobPost(PostJobEvents.java:11)
at EmployerTest.PostJobTestcase.postjobCredentials(PostJobTestcase.java:15)
at java.base/java.util.ArrayList.forEach(ArrayList.java:1511)
... Removed 27 stack frames]]>
    </failure>
  </testcase> <!-- postjobCredentials -->
  <testcase classname="EmployerTest.EmployerDetailsTestcase" name="enteringEmployerDetails" time="0.002">
    <failure type="java.lang.NullPointerException" message="Cannot invoke &amp;quot;org.openqa.selenium.WebDriver.findElement(org.openqa.selenium.By)&amp;quot; because &amp;quot;Employer.base.BaseTest.driver&amp;quot; is null">
      <![CDATA[java.lang.NullPointerException: Cannot invoke "org.openqa.selenium.WebDriver.findElement(org.openqa.selenium.By)" because "Employer.base.BaseTest.driver" is null
at Employer.utils.ElementFetch.getWebElement(ElementFetch.java:15)
at Employer.pageEvents.EmployerDetailsEvents.details(EmployerDetailsEvents.java:17)
at EmployerTest.EmployerDetailsTestcase.enteringEmployerDetails(EmployerDetailsTestcase.java:15)
at java.base/java.util.ArrayList.forEach(ArrayList.java:1511)
... Removed 27 stack frames]]>
    </failure>
  </testcase> <!-- enteringEmployerDetails -->
  <testcase classname="AdminTest.Test.PostJobTestCase" name="sampledataenter" time="0.0">
    <skipped/>
  </testcase> <!-- sampledataenter -->
  <testcase classname="EmployerTest.ProfileTestcase" name="profileDetalis" time="0.002">
    <failure type="java.lang.NullPointerException" message="Cannot invoke &amp;quot;org.openqa.selenium.WebDriver.findElement(org.openqa.selenium.By)&amp;quot; because &amp;quot;Employer.base.BaseTest.driver&amp;quot; is null">
      <![CDATA[java.lang.NullPointerException: Cannot invoke "org.openqa.selenium.WebDriver.findElement(org.openqa.selenium.By)" because "Employer.base.BaseTest.driver" is null
at Employer.utils.ElementFetch.getWebElement(ElementFetch.java:15)
at Employer.pageEvents.ProfileEvents.profileCredentials(ProfileEvents.java:12)
at EmployerTest.ProfileTestcase.profileDetalis(ProfileTestcase.java:15)
at java.base/java.util.ArrayList.forEach(ArrayList.java:1511)
... Removed 27 stack frames]]>
    </failure>
  </testcase> <!-- profileDetalis -->
  <testcase classname="EmployerTest.LoginPageTestcase" name="sampleMethodForEnteringCredentials" time="0.0">
    <skipped/>
  </testcase> <!-- sampleMethodForEnteringCredentials -->
  <testcase classname="AdminTest.Test.LoginTestCase" name="sampleMethodForEnteringCredentials" time="0.0">
    <skipped/>
  </testcase> <!-- sampleMethodForEnteringCredentials -->
  <testcase classname="EmployerTest.SignupPageTestcase" name="enteringCredentialsForSifnUp" time="0.0">
    <skipped/>
  </testcase> <!-- enteringCredentialsForSifnUp -->
  <testcase classname="Admin.base.BaseTest" name="@AfterTest afterTest" time="0.0">
    <ignored/>
  </testcase> <!-- @AfterTest afterTest -->
  <testcase classname="Admin.base.BaseTest" name="@AfterTest afterTest" time="0.0">
    <ignored/>
  </testcase> <!-- @AfterTest afterTest -->
  <testcase classname="Employer.base.BaseTest" name="@BeforeTest beforeTestMethod" time="0.0">
    <ignored/>
  </testcase> <!-- @BeforeTest beforeTestMethod -->
  <testcase classname="Admin.base.BaseTest" name="@BeforeTest beforeTestMethod" time="0.0">
    <ignored/>
  </testcase> <!-- @BeforeTest beforeTestMethod -->
  <testcase classname="Admin.base.BaseTest" name="@BeforeTest beforeTestMethod" time="0.0">
    <ignored/>
  </testcase> <!-- @BeforeTest beforeTestMethod -->
  <testcase classname="Employer.base.BaseTest" name="@AfterTest afterTest" time="0.0">
    <ignored/>
  </testcase> <!-- @AfterTest afterTest -->
</testsuite> <!-- Test -->
